delete devices device MAD000560 config org org-services IPC04624 sd-wan policies Default-Policy rules Default-Rule
set devices device MAD000560 config org org-services IPC04624 sd-wan forwarding-profiles DEFAULT-TRAFFIC-PROFILE circuit-priorities priority 1 circuit-names local [ MPLS-WAN1 MPLS-WAN2 ]
set devices device MAD000560 config org org-services IPC04624 sd-wan forwarding-profiles DEFAULT-TRAFFIC-PROFILE circuit-priorities priority 1 circuit-names remote [ MPLS-WAN MPLS-WAN1 MPLS-WAN2 ]


set devices device MAD000560 config org org-services IPC04624 sd-wan forwarding-profiles DEFAULT-TRAFFIC-PROFILE connection-selection-method weighted-round-robin
set devices device MAD000560 config org org-services IPC04624 sd-wan forwarding-profiles DEFAULT-TRAFFIC-PROFILE recompute-timer 40
set devices device MAD000560 config org org-services IPC04624 sd-wan forwarding-profiles DEFAULT-TRAFFIC-PROFILE encryption optional
set devices device MAD000560 config org org-services IPC04624 sd-wan forwarding-profiles DEFAULT-TRAFFIC-PROFILE symmetric-forwarding enable
set devices device MAD000560 config org org-services IPC04624 sd-wan policies Default-Policy rules DEFAULT-TRAFFIC-RULE description DEFAULT-TRAFFIC-RULE
set devices device MAD000560 config org org-services IPC04624 sd-wan policies Default-Policy rules DEFAULT-TRAFFIC-RULE set action allow
set devices device MAD000560 config org org-services IPC04624 sd-wan policies Default-Policy rules DEFAULT-TRAFFIC-RULE set forwarding-profile DEFAULT-TRAFFIC-PROFILE
move devices device MAD000560 config org org-services IPC04624 sd-wan policies Default-Policy rules DEFAULT-TRAFFIC-RULE last
configure
Entering configuration mode private
[ok][2018-12-24 06:31:27]

[edit]
Administrator@Versa-Dir-BLR-1% delete devices device MAD000560 config org org-services IPC04624 sd-wan policies Default-Policy rules Default-Rule
Error: element not found
[error][2018-12-24 06:31:27]

[edit]
Administrator@Versa-Dir-BLR-1% set devices device MAD000560 config orgs org-services IPC04624 sd-wan forwarding-profiles DEFAULT-TRAFFIC-PROFILE circuit-priorities priority 1 circuit-names local [ MPLS-WAN1 MPLS-WAN2 ]
[ok][2018-12-24 06:31:28]

[edit]
Administrator@Versa-Dir-BLR-1% set devices device MAD000560 config orgs org-services IPC04624 sd-wan forwarding-profiles DEFAULT-TRAFFIC-PROFILE circuit-priorities priority 1 circuit-names remote [ MPLS-WAN MPLS-WAN1 MPLS-WAN2 ]
[ok][2018-12-24 06:31:28]

[edit]
Administrator@Versa-Dir-BLR-1% 

[edit]
Administrator@Versa-Dir-BLR-1% 

[edit]
Administrator@Versa-Dir-BLR-1% set devices device MAD000560 config orgs org-services IPC04624 sd-wan forwarding-profiles DEFAULT-TRAFFIC-PROFILE connection-selection-method weighted-round-robin
[ok][2018-12-24 06:31:28]

[edit]
Administrator@Versa-Dir-BLR-1% set devices device MAD000560 config orgs org-services IPC04624 sd-wan forwarding-profiles DEFAULT-TRAFFIC-PROFILE recompute-timer  40
[ok][2018-12-24 06:31:29]

[edit]
Administrator@Versa-Dir-BLR-1% set devices device MAD000560 config orgs org-services IPC04624 sd-wan forwarding-profiles DEFAULT-TRAFFIC-PROFILE encryption optional
[ok][2018-12-24 06:31:29]

[edit]
Administrator@Versa-Dir-BLR-1% set devices device MAD000560 config orgs org-services IPC04624 sd-wan forwarding-profiles DEFAULT-TRAFFIC-PROFILE symmetric-forwarding enable
[ok][2018-12-24 06:31:29]

[edit]
Administrator@Versa-Dir-BLR-1% set devices device MAD000560 config orgs org-services IPC04624 sd-wan policies Default-Policy rules DEFAULT-TRAFFIC-RULE description DEFAULT-TRAFFIC-RULE
[ok][2018-12-24 06:31:30]

[edit]
Administrator@Versa-Dir-BLR-1% set devices device MAD000560 config orgs org-services IPC04624 sd-wan policies Default-Policy rules DEFAULT-TRAFFIC-RULE set action allow
[ok][2018-12-24 06:31:30]

[edit]
Administrator@Versa-Dir-BLR-1% set devices device MAD000560 config orgs org-services IPC04624 sd-wan policies Default-Policy rules DEFAULT-TRAFFIC-RULE set forwarding-profile DEFAULT-TRAFFIC-PROFILE
[ok][2018-12-24 06:31:31]

[edit]
Administrator@Versa-Dir-BLR-1% move devices device MAD000560 config orgs org-services IPC04624 sd-wan policies Default-Policy rules DEFAULT-TRAFFIC-RULE last
[ok][2018-12-24 06:31:31]

[edit]
Administrator@Versa-Dir-BLR-1% 
commit
Aborted: 'devices device MAD000560' : Either address or remote-node must be configured.
[error][2018-12-24 06:31:34]

[edit]
Administrator@Versa-Dir-BLR-1% 
CONFIG_RESULT:
['MAD000560', 'element not found error.commit failed']
delete devices device MAD000569 config org org-services IPC04624 sd-wan policies Default-Policy rules Default-Rule
set devices device MAD000569 config org org-services IPC04624 sd-wan forwarding-profiles DEFAULT-TRAFFIC-PROFILE circuit-priorities priority 1 circuit-names local [ MPLS-WAN1 MPLS-WAN2 ]
set devices device MAD000569 config org org-services IPC04624 sd-wan forwarding-profiles DEFAULT-TRAFFIC-PROFILE circuit-priorities priority 1 circuit-names remote [ MPLS-WAN MPLS-WAN1 MPLS-WAN2 ]


set devices device MAD000569 config org org-services IPC04624 sd-wan forwarding-profiles DEFAULT-TRAFFIC-PROFILE connection-selection-method weighted-round-robin
set devices device MAD000569 config org org-services IPC04624 sd-wan forwarding-profiles DEFAULT-TRAFFIC-PROFILE recompute-timer 40
set devices device MAD000569 config org org-services IPC04624 sd-wan forwarding-profiles DEFAULT-TRAFFIC-PROFILE encryption optional
set devices device MAD000569 config org org-services IPC04624 sd-wan forwarding-profiles DEFAULT-TRAFFIC-PROFILE symmetric-forwarding enable
set devices device MAD000569 config org org-services IPC04624 sd-wan policies Default-Policy rules DEFAULT-TRAFFIC-RULE description DEFAULT-TRAFFIC-RULE
set devices device MAD000569 config org org-services IPC04624 sd-wan policies Default-Policy rules DEFAULT-TRAFFIC-RULE set action allow
set devices device MAD000569 config org org-services IPC04624 sd-wan policies Default-Policy rules DEFAULT-TRAFFIC-RULE set forwarding-profile DEFAULT-TRAFFIC-PROFILE
move devices device MAD000569 config org org-services IPC04624 sd-wan policies Default-Policy rules DEFAULT-TRAFFIC-RULE last
delete devices device MAD000569 config org org-services IPC04624 sd-wan policies Default-Policy rules Default-Rule
Error: element not found
[error][2018-12-24 06:31:34]

[edit]
Administrator@Versa-Dir-BLR-1% set devices device MAD000569 config orgs org-services IPC04624 sd-wan forwarding-profiles DEFAULT-TRAFFIC-PROFILE circuit-priorities priority 1 circuit-names local [ MPLS-WAN1 MPLS-WAN2 ]
[ok][2018-12-24 06:31:35]

[edit]
Administrator@Versa-Dir-BLR-1% set devices device MAD000569 config orgs org-services IPC04624 sd-wan forwarding-profiles DEFAULT-TRAFFIC-PROFILE circuit-priorities priority 1 circuit-names remote [ MPLS-WAN MPLS-WAN1 MPLS-WAN2 ]
[ok][2018-12-24 06:31:35]

[edit]
Administrator@Versa-Dir-BLR-1% 

[edit]
Administrator@Versa-Dir-BLR-1% 

[edit]
Administrator@Versa-Dir-BLR-1% set devices device MAD000569 config orgs org-services IPC04624 sd-wan forwarding-profiles DEFAULT-TRAFFIC-PROFILE connection-selection-method weighted-round-robin
[ok][2018-12-24 06:31:35]

[edit]
Administrator@Versa-Dir-BLR-1% set devices device MAD000569 config orgs org-services IPC04624 sd-wan forwarding-profiles DEFAULT-TRAFFIC-PROFILE recompute-timer  40
[ok][2018-12-24 06:31:36]

[edit]
Administrator@Versa-Dir-BLR-1% set devices device MAD000569 config orgs org-services IPC04624 sd-wan forwarding-profiles DEFAULT-TRAFFIC-PROFILE encryption optional
[ok][2018-12-24 06:31:36]

[edit]
Administrator@Versa-Dir-BLR-1% set devices device MAD000569 config orgs org-services IPC04624 sd-wan forwarding-profiles DEFAULT-TRAFFIC-PROFILE symmetric-forwarding enable
[ok][2018-12-24 06:31:36]

[edit]
Administrator@Versa-Dir-BLR-1% set devices device MAD000569 config orgs org-services IPC04624 sd-wan policies Default-Policy rules DEFAULT-TRAFFIC-RULE description DEFAULT-TRAFFIC-RULE
[ok][2018-12-24 06:31:36]

[edit]
Administrator@Versa-Dir-BLR-1% set devices device MAD000569 config orgs org-services IPC04624 sd-wan policies Default-Policy rules DEFAULT-TRAFFIC-RULE set action allow
[ok][2018-12-24 06:31:37]

[edit]
Administrator@Versa-Dir-BLR-1% set devices device MAD000569 config orgs org-services IPC04624 sd-wan policies Default-Policy rules DEFAULT-TRAFFIC-RULE set forwarding-profile DEFAULT-TRAFFIC-PROFILE
[ok][2018-12-24 06:31:37]

[edit]
Administrator@Versa-Dir-BLR-1% move devices device MAD000569 config orgs org-services IPC04624 sd-wan policies Default-Policy rules DEFAULT-TRAFFIC-RULE last
[ok][2018-12-24 06:31:38]

[edit]
Administrator@Versa-Dir-BLR-1% 
commit
Aborted: 'devices device MAD000560' : Either address or remote-node must be configured.
[error][2018-12-24 06:31:40]

[edit]
Administrator@Versa-Dir-BLR-1% 
CONFIG_RESULT:
['MAD000560', 'element not found error.commit failed']
['MAD000569', 'element not found error.commit failed']
delete devices device AGF000022 config org org-services IPC03024 sd-wan policies Default-Policy rules Default-Rule
set devices device AGF000022 config org org-services IPC03024 sd-wan forwarding-profiles DEFAULT-TRAFFIC-PROFILE circuit-priorities priority 1 circuit-names local [ INT-WAN ]
set devices device AGF000022 config org org-services IPC03024 sd-wan forwarding-profiles DEFAULT-TRAFFIC-PROFILE circuit-priorities priority 1 circuit-names remote [ INT-WAN ]

set devices device AGF000022 config org org-services IPC03024 sd-wan forwarding-profiles DEFAULT-TRAFFIC-PROFILE circuit-priorities priority 2 circuit-names local [ INT-WAN INT-WAN1 INT-WAN2 ]


set devices device AGF000022 config org org-services IPC03024 sd-wan forwarding-profiles DEFAULT-TRAFFIC-PROFILE circuit-priorities priority 2 circuit-names remote [ LTE-WAN ]

set devices device AGF000022 config org org-services IPC03024 sd-wan forwarding-profiles DEFAULT-TRAFFIC-PROFILE connection-selection-method weighted-round-robin
set devices device AGF000022 config org org-services IPC03024 sd-wan forwarding-profiles DEFAULT-TRAFFIC-PROFILE recompute-timer 40
set devices device AGF000022 config org org-services IPC03024 sd-wan forwarding-profiles DEFAULT-TRAFFIC-PROFILE encryption optional
set devices device AGF000022 config org org-services IPC03024 sd-wan forwarding-profiles DEFAULT-TRAFFIC-PROFILE symmetric-forwarding enable
set devices device AGF000022 config org org-services IPC03024 sd-wan policies Default-Policy rules DEFAULT-TRAFFIC-RULE description DEFAULT-TRAFFIC-RULE
set devices device AGF000022 config org org-services IPC03024 sd-wan policies Default-Policy rules DEFAULT-TRAFFIC-RULE set action allow
set devices device AGF000022 config org org-services IPC03024 sd-wan policies Default-Policy rules DEFAULT-TRAFFIC-RULE set forwarding-profile DEFAULT-TRAFFIC-PROFILE
move devices device AGF000022 config org org-services IPC03024 sd-wan policies Default-Policy rules DEFAULT-TRAFFIC-RULE last
delete devices device AGF000022 config org org-services IPC03024 sd-wan policies Default-Policy rules Default-Rule
Error: element not found
[error][2018-12-24 06:31:41]

[edit]
Administrator@Versa-Dir-BLR-1% set devices device AGF000022 config orgs org-services IPC03024 sd-wan forwarding-profiles DEFAULT-TRAFFIC-PROFILE circuit-priorities priority 1 circuit-names local [ INT-WAN ]
[ok][2018-12-24 06:31:41]

[edit]
Administrator@Versa-Dir-BLR-1% set devices device AGF000022 config orgs org-services IPC03024 sd-wan forwarding-profiles DEFAULT-TRAFFIC-PROFILE circuit-priorities priority 1 circuit-names remote [ INT-WAN ]
[ok][2018-12-24 06:31:42]

[edit]
Administrator@Versa-Dir-BLR-1% 

[edit]
Administrator@Versa-Dir-BLR-1% set devices device AGF000022 config orgs org-services IPC03024 sd-wan forwarding-profiles DEFAULT-TRAFFIC-PROFILE circuit-priorities priority 2 circuit-names local [ INT-WAN INT-WAN1 INT-WAN2 ]
[ok][2018-12-24 06:31:43]

[edit]
Administrator@Versa-Dir-BLR-1% 

[edit]
Administrator@Versa-Dir-BLR-1% 

[edit]
Administrator@Versa-Dir-BLR-1% set devices device AGF000022 config orgs org-services IPC03024 sd-wan forwarding-profiles DEFAULT-TRAFFIC-PROFILE circuit-priorities priority 2 circuit-names remote [ LTE-WAN ]
[ok][2018-12-24 06:31:43]

[edit]
Administrator@Versa-Dir-BLR-1% 

[edit]
Administrator@Versa-Dir-BLR-1% set devices device AGF000022 config orgs org-services IPC03024 sd-wan forwarding-profiles DEFAULT-TRAFFIC-PROFILE connection-selection-method weighted-round-robin
[ok][2018-12-24 06:31:43]

[edit]
Administrator@Versa-Dir-BLR-1% set devices device AGF000022 config orgs org-services IPC03024 sd-wan forwarding-profiles DEFAULT-TRAFFIC-PROFILE recompute-timer  40
[ok][2018-12-24 06:31:44]

[edit]
Administrator@Versa-Dir-BLR-1% set devices device AGF000022 config orgs org-services IPC03024 sd-wan forwarding-profiles DEFAULT-TRAFFIC-PROFILE encryption optional
[ok][2018-12-24 06:31:44]

[edit]
Administrator@Versa-Dir-BLR-1% set devices device AGF000022 config orgs org-services IPC03024 sd-wan forwarding-profiles DEFAULT-TRAFFIC-PROFILE symmetric-forwarding enable
[ok][2018-12-24 06:31:45]

[edit]
Administrator@Versa-Dir-BLR-1% set devices device AGF000022 config orgs org-services IPC03024 sd-wan policies Default-Policy rules DEFAULT-TRAFFIC-RULE description DEFAULT-TRAFFIC-RULE
[ok][2018-12-24 06:31:45]

[edit]
Administrator@Versa-Dir-BLR-1% set devices device AGF000022 config orgs org-services IPC03024 sd-wan policies Default-Policy rules DEFAULT-TRAFFIC-RULE set action allow
[ok][2018-12-24 06:31:45]

[edit]
Administrator@Versa-Dir-BLR-1% set devices device AGF000022 config orgs org-services IPC03024 sd-wan policies Default-Policy rules DEFAULT-TRAFFIC-RULE set forwarding-profile DEFAULT-TRAFFIC-PROFILE
[ok][2018-12-24 06:31:46]

[edit]
Administrator@Versa-Dir-BLR-1% move devices device AGF000022 config orgs org-services IPC03024 sd-wan policies Default-Policy rules DEFAULT-TRAFFIC-RULE last
[ok][2018-12-24 06:31:46]

[edit]
Administrator@Versa-Dir-BLR-1% 
commit
Aborted: 'devices device AGF000022' : Either address or remote-node must be configured.
[error][2018-12-24 06:31:49]

[edit]
Administrator@Versa-Dir-BLR-1% 
CONFIG_RESULT:
['MAD000560', 'element not found error.commit failed']
['MAD000569', 'element not found error.commit failed']
['AGF000022', 'element not found error.commit failed']
delete devices device VLC008564 config org org-services IPC04624 sd-wan policies Default-Policy rules Default-Rule
set devices device VLC008564 config org org-services IPC04624 sd-wan forwarding-profiles DEFAULT-TRAFFIC-PROFILE circuit-priorities priority 1 circuit-names local [  ]
set devices device VLC008564 config org org-services IPC04624 sd-wan forwarding-profiles DEFAULT-TRAFFIC-PROFILE circuit-priorities priority 1 circuit-names remote [  ]


set devices device VLC008564 config org org-services IPC04624 sd-wan forwarding-profiles DEFAULT-TRAFFIC-PROFILE connection-selection-method weighted-round-robin
set devices device VLC008564 config org org-services IPC04624 sd-wan forwarding-profiles DEFAULT-TRAFFIC-PROFILE recompute-timer 40
set devices device VLC008564 config org org-services IPC04624 sd-wan forwarding-profiles DEFAULT-TRAFFIC-PROFILE encryption optional
set devices device VLC008564 config org org-services IPC04624 sd-wan forwarding-profiles DEFAULT-TRAFFIC-PROFILE symmetric-forwarding enable
set devices device VLC008564 config org org-services IPC04624 sd-wan policies Default-Policy rules DEFAULT-TRAFFIC-RULE description DEFAULT-TRAFFIC-RULE
set devices device VLC008564 config org org-services IPC04624 sd-wan policies Default-Policy rules DEFAULT-TRAFFIC-RULE set action allow
set devices device VLC008564 config org org-services IPC04624 sd-wan policies Default-Policy rules DEFAULT-TRAFFIC-RULE set forwarding-profile DEFAULT-TRAFFIC-PROFILE
move devices device VLC008564 config org org-services IPC04624 sd-wan policies Default-Policy rules DEFAULT-TRAFFIC-RULE last
delete devices device VLC008564 config org org-services IPC04624 sd-wan policies Default-Policy rules Default-Rule
Error: element not found
[error][2018-12-24 06:31:49]

[edit]
Administrator@Versa-Dir-BLR-1% set devices device VLC008564 config orgs org-services IPC04624 sd-wan forwarding-profiles DEFAULT-TRAFFIC-PROFILE circuit-priorities priority 1 circuit-names local [ 
Possible completions:
  string, min: 1 chars, max: 15 chars  ]
Administrator@Versa-Dir-BLR-1% set devices device VLC008564 config orgs org-services IPC04624 sd-wan forwarding-profiles DEFAULT-TRAFFIC-PROFILE circuit-priorities priority 1 circuit-names local [ ]
[ok][2018-12-24 06:31:50]

[edit]
Administrator@Versa-Dir-BLR-1% set devices device VLC008564 config orgs org-services IPC04624 sd-wan forwarding-profiles DEFAULT-TRAFFIC-PROFILE circuit-priorities priority 1 circuit-names remote [ 
Possible completions:
  string, min: 1 chars, max: 15 chars  ]
Administrator@Versa-Dir-BLR-1% set devices device VLC008564 config orgs org-services IPC04624 sd-wan forwarding-profiles DEFAULT-TRAFFIC-PROFILE circuit-priorities priority 1 circuit-names remote [ ]
[ok][2018-12-24 06:31:50]

[edit]
Administrator@Versa-Dir-BLR-1% 

[edit]
Administrator@Versa-Dir-BLR-1% 

[edit]
Administrator@Versa-Dir-BLR-1% set devices device VLC008564 config orgs org-services IPC04624 sd-wan forwarding-profiles DEFAULT-TRAFFIC-PROFILE connection-selection-method weighted-round-robin
[ok][2018-12-24 06:31:51]

[edit]
Administrator@Versa-Dir-BLR-1% set devices device VLC008564 config orgs org-services IPC04624 sd-wan forwarding-profiles DEFAULT-TRAFFIC-PROFILE recompute-timer  40
[ok][2018-12-24 06:31:51]

[edit]
Administrator@Versa-Dir-BLR-1% set devices device VLC008564 config orgs org-services IPC04624 sd-wan forwarding-profiles DEFAULT-TRAFFIC-PROFILE encryption optional
[ok][2018-12-24 06:31:51]

[edit]
Administrator@Versa-Dir-BLR-1% set devices device VLC008564 config orgs org-services IPC04624 sd-wan forwarding-profiles DEFAULT-TRAFFIC-PROFILE symmetric-forwarding enable
[ok][2018-12-24 06:31:52]

[edit]
Administrator@Versa-Dir-BLR-1% set devices device VLC008564 config orgs org-services IPC04624 sd-wan policies Default-Policy rules DEFAULT-TRAFFIC-RULE description DEFAULT-TRAFFIC-RULE
[ok][2018-12-24 06:31:52]

[edit]
Administrator@Versa-Dir-BLR-1% set devices device VLC008564 config orgs org-services IPC04624 sd-wan policies Default-Policy rules DEFAULT-TRAFFIC-RULE set action allow
[ok][2018-12-24 06:31:52]

[edit]
Administrator@Versa-Dir-BLR-1% set devices device VLC008564 config orgs org-services IPC04624 sd-wan policies Default-Policy rules DEFAULT-TRAFFIC-RULE set forwarding-profile DEFAULT-TRAFFIC-PROFILE
[ok][2018-12-24 06:31:53]

[edit]
Administrator@Versa-Dir-BLR-1% move devices device VLC008564 config orgs org-services IPC04624 sd-wan policies Default-Policy rules DEFAULT-TRAFFIC-RULE last
[ok][2018-12-24 06:31:53]

[edit]
Administrator@Versa-Dir-BLR-1% 
commit
Aborted: 'devices device AGF000022' : Either address or remote-node must be configured.
[error][2018-12-24 06:31:56]

[edit]
Administrator@Versa-Dir-BLR-1% 
CONFIG_RESULT:
['VLC008564', 'Single MPLS site. No changes commitedelement not found error.commit failed']
['MAD000560', 'element not found error.commit failed']
['MAD000569', 'element not found error.commit failed']
['AGF000022', 'element not found error.commit failed']
delete devices device QAM000057 config org org-services IPC03024 sd-wan policies Default-Policy rules Default-Rule
set devices device QAM000057 config org org-services IPC03024 sd-wan forwarding-profiles DEFAULT-TRAFFIC-PROFILE circuit-priorities priority 1 circuit-names local [ INT-WAN ]
set devices device QAM000057 config org org-services IPC03024 sd-wan forwarding-profiles DEFAULT-TRAFFIC-PROFILE circuit-priorities priority 1 circuit-names remote [ INT-WAN ]

set devices device QAM000057 config org org-services IPC03024 sd-wan forwarding-profiles DEFAULT-TRAFFIC-PROFILE circuit-priorities priority 2 circuit-names local [ INT-WAN INT-WAN1 INT-WAN2 ]


set devices device QAM000057 config org org-services IPC03024 sd-wan forwarding-profiles DEFAULT-TRAFFIC-PROFILE circuit-priorities priority 2 circuit-names remote [ LTE-WAN ]

set devices device QAM000057 config org org-services IPC03024 sd-wan forwarding-profiles DEFAULT-TRAFFIC-PROFILE connection-selection-method weighted-round-robin
set devices device QAM000057 config org org-services IPC03024 sd-wan forwarding-profiles DEFAULT-TRAFFIC-PROFILE recompute-timer 40
set devices device QAM000057 config org org-services IPC03024 sd-wan forwarding-profiles DEFAULT-TRAFFIC-PROFILE encryption optional
set devices device QAM000057 config org org-services IPC03024 sd-wan forwarding-profiles DEFAULT-TRAFFIC-PROFILE symmetric-forwarding enable
set devices device QAM000057 config org org-services IPC03024 sd-wan policies Default-Policy rules DEFAULT-TRAFFIC-RULE description DEFAULT-TRAFFIC-RULE
set devices device QAM000057 config org org-services IPC03024 sd-wan policies Default-Policy rules DEFAULT-TRAFFIC-RULE set action allow
set devices device QAM000057 config org org-services IPC03024 sd-wan policies Default-Policy rules DEFAULT-TRAFFIC-RULE set forwarding-profile DEFAULT-TRAFFIC-PROFILE
move devices device QAM000057 config org org-services IPC03024 sd-wan policies Default-Policy rules DEFAULT-TRAFFIC-RULE last
delete devices device QAM000057 config org org-services IPC03024 sd-wan policies Default-Policy rules Default-Rule
Error: element not found
[error][2018-12-24 06:31:56]

[edit]
Administrator@Versa-Dir-BLR-1% set devices device QAM000057 config orgs org-services IPC03024 sd-wan forwarding-profiles DEFAULT-TRAFFIC-PROFILE circuit-priorities priority 1 circuit-names local [ INT-WAN ]
[ok][2018-12-24 06:31:57]

[edit]
Administrator@Versa-Dir-BLR-1% set devices device QAM000057 config orgs org-services IPC03024 sd-wan forwarding-profiles DEFAULT-TRAFFIC-PROFILE circuit-priorities priority 1 circuit-names remote [ INT-WAN ]
[ok][2018-12-24 06:31:57]

[edit]
Administrator@Versa-Dir-BLR-1% 

[edit]
Administrator@Versa-Dir-BLR-1% set devices device QAM000057 config orgs org-services IPC03024 sd-wan forwarding-profiles DEFAULT-TRAFFIC-PROFILE circuit-priorities priority 2 circuit-names local [ INT-WAN INT-WAN1 INT-WAN2 ]
[ok][2018-12-24 06:31:58]

[edit]
Administrator@Versa-Dir-BLR-1% 

[edit]
Administrator@Versa-Dir-BLR-1% 

[edit]
Administrator@Versa-Dir-BLR-1% set devices device QAM000057 config orgs org-services IPC03024 sd-wan forwarding-profiles DEFAULT-TRAFFIC-PROFILE circuit-priorities priority 2 circuit-names remote [ LTE-WAN ]
[ok][2018-12-24 06:31:58]

[edit]
Administrator@Versa-Dir-BLR-1% 

[edit]
Administrator@Versa-Dir-BLR-1% set devices device QAM000057 config orgs org-services IPC03024 sd-wan forwarding-profiles DEFAULT-TRAFFIC-PROFILE connection-selection-method weighted-round-robin
[ok][2018-12-24 06:31:59]

[edit]
Administrator@Versa-Dir-BLR-1% set devices device QAM000057 config orgs org-services IPC03024 sd-wan forwarding-profiles DEFAULT-TRAFFIC-PROFILE recompute-timer  40
[ok][2018-12-24 06:31:59]

[edit]
Administrator@Versa-Dir-BLR-1% set devices device QAM000057 config orgs org-services IPC03024 sd-wan forwarding-profiles DEFAULT-TRAFFIC-PROFILE encryption optional
[ok][2018-12-24 06:31:59]

[edit]
Administrator@Versa-Dir-BLR-1% set devices device QAM000057 config orgs org-services IPC03024 sd-wan forwarding-profiles DEFAULT-TRAFFIC-PROFILE symmetric-forwarding enable
[ok][2018-12-24 06:32:00]

[edit]
Administrator@Versa-Dir-BLR-1% set devices device QAM000057 config orgs org-services IPC03024 sd-wan policies Default-Policy rules DEFAULT-TRAFFIC-RULE description DEFAULT-TRAFFIC-RULE
[ok][2018-12-24 06:32:00]

[edit]
Administrator@Versa-Dir-BLR-1% set devices device QAM000057 config orgs org-services IPC03024 sd-wan policies Default-Policy rules DEFAULT-TRAFFIC-RULE set action allow
[ok][2018-12-24 06:32:00]

[edit]
Administrator@Versa-Dir-BLR-1% set devices device QAM000057 config orgs org-services IPC03024 sd-wan policies Default-Policy rules DEFAULT-TRAFFIC-RULE set forwarding-profile DEFAULT-TRAFFIC-PROFILE
[ok][2018-12-24 06:32:01]

[edit]
Administrator@Versa-Dir-BLR-1% move devices device QAM000057 config orgs org-services IPC03024 sd-wan policies Default-Policy rules DEFAULT-TRAFFIC-RULE last
[ok][2018-12-24 06:32:02]

[edit]
Administrator@Versa-Dir-BLR-1% 
commit
Aborted: 'devices device AGF000022' : Either address or remote-node must be configured.
[error][2018-12-24 06:32:06]

[edit]
Administrator@Versa-Dir-BLR-1% 
CONFIG_RESULT:
['QAM000057', 'element not found error.commit failed']
['VLC008564', 'Single MPLS site. No changes commitedelement not found error.commit failed']
['MAD000560', 'element not found error.commit failed']
['MAD000569', 'element not found error.commit failed']
['AGF000022', 'element not found error.commit failed']
delete devices device ANE000031 config org org-services IPC03024 sd-wan policies Default-Policy rules Default-Rule
set devices device ANE000031 config org org-services IPC03024 sd-wan forwarding-profiles DEFAULT-TRAFFIC-PROFILE circuit-priorities priority 1 circuit-names local [ INT-WAN ]
set devices device ANE000031 config org org-services IPC03024 sd-wan forwarding-profiles DEFAULT-TRAFFIC-PROFILE circuit-priorities priority 1 circuit-names remote [ INT-WAN ]

set devices device ANE000031 config org org-services IPC03024 sd-wan forwarding-profiles DEFAULT-TRAFFIC-PROFILE circuit-priorities priority 2 circuit-names local [ INT-WAN INT-WAN1 INT-WAN2 ]


set devices device ANE000031 config org org-services IPC03024 sd-wan forwarding-profiles DEFAULT-TRAFFIC-PROFILE circuit-priorities priority 2 circuit-names remote [ LTE-WAN ]

set devices device ANE000031 config org org-services IPC03024 sd-wan forwarding-profiles DEFAULT-TRAFFIC-PROFILE connection-selection-method weighted-round-robin
set devices device ANE000031 config org org-services IPC03024 sd-wan forwarding-profiles DEFAULT-TRAFFIC-PROFILE recompute-timer 40
set devices device ANE000031 config org org-services IPC03024 sd-wan forwarding-profiles DEFAULT-TRAFFIC-PROFILE encryption optional
set devices device ANE000031 config org org-services IPC03024 sd-wan forwarding-profiles DEFAULT-TRAFFIC-PROFILE symmetric-forwarding enable
set devices device ANE000031 config org org-services IPC03024 sd-wan policies Default-Policy rules DEFAULT-TRAFFIC-RULE description DEFAULT-TRAFFIC-RULE
set devices device ANE000031 config org org-services IPC03024 sd-wan policies Default-Policy rules DEFAULT-TRAFFIC-RULE set action allow
set devices device ANE000031 config org org-services IPC03024 sd-wan policies Default-Policy rules DEFAULT-TRAFFIC-RULE set forwarding-profile DEFAULT-TRAFFIC-PROFILE
move devices device ANE000031 config org org-services IPC03024 sd-wan policies Default-Policy rules DEFAULT-TRAFFIC-RULE last
