delete devices device  config org org-services IPC04624 sd-wan policies Default-Policy rules Default-Rule
set devices device  config org org-services IPC04624 sd-wan forwarding-profiles DEFAULT-TRAFFIC-PROFILE circuit-priorities priority 1 circuit-names local [ MPLS-WAN1 MPLS-WAN2 ]
set devices device  config org org-services IPC04624 sd-wan forwarding-profiles DEFAULT-TRAFFIC-PROFILE circuit-priorities priority 1 circuit-names remote [ MPLS-WAN MPLS-WAN1 MPLS-WAN2 ]


set devices device  config org org-services IPC04624 sd-wan forwarding-profiles DEFAULT-TRAFFIC-PROFILE connection-selection-method weighted-round-robin
set devices device  config org org-services IPC04624 sd-wan forwarding-profiles DEFAULT-TRAFFIC-PROFILE recompute-timer 40
set devices device  config org org-services IPC04624 sd-wan forwarding-profiles DEFAULT-TRAFFIC-PROFILE encryption optional
set devices device  config org org-services IPC04624 sd-wan forwarding-profiles DEFAULT-TRAFFIC-PROFILE symmetric-forwarding enable
set devices device  config org org-services IPC04624 sd-wan policies Default-Policy rules DEFAULT-TRAFFIC-RULE description DEFAULT-TRAFFIC-RULE
set devices device  config org org-services IPC04624 sd-wan policies Default-Policy rules DEFAULT-TRAFFIC-RULE set action allow
set devices device  config org org-services IPC04624 sd-wan policies Default-Policy rules DEFAULT-TRAFFIC-RULE set forwarding-profile DEFAULT-TRAFFIC-PROFILE
move devices device  config org org-services IPC04624 sd-wan policies Default-Policy rules DEFAULT-TRAFFIC-RULE last
configure
Entering configuration mode private
[ok][2018-12-24 06:25:15]

[edit]
Administrator@Versa-Dir-BLR-1% delete devices device 
Possible completions: (first 100):
  COLT-INFRA-DataStore       CPE-1                      
  CPE-11                     CPE-12                     
  CPE-13                     CPE-131-Manish-4G          
  CPE-14                     CPE-15                     
  CPE-16                     CPE-16-ScratchPad          
  CPE-19                     CPE-22-New                 
  CPE-23-New                 CPE-24                     
  CPE-25                     CPE-29                     
  CPE-32                     CPE-33                     
  CPE-39                     CPE-4                      
  CPE-40                     CPE-41                     
  CPE-43                     CPE-46                     
  CPE-47                     CPE-5                      
  CPE-51                     CPE-52                     
  CPE-53                     CPE-54                     
  CPE-6                      CPE-7                      
  CPE-8                      CPE-8-Manish               
  CPE-9                      CPE38                      
  CPE48                      CPE49                      
  CPE50                      CPE55-VM                   
  CPE60                      CPE61                      
  Colt-DataStore             DEMO-1                     
  DEMO-2                     DEMO-5                     
  FEEFAUTO-CPE27             FKKFAUTO-CPE26             
  FKKFAUTO-CPE27             IPC00001-DataStore         
  IPC00002-DataStore         IPC00011-DataStore         
  IPC02555-DataStore         IPC04126-DataStore         
  NV-FW01-N2-BLR             NV-FW01-N2-BLR-ScratchPad  
  NV-FW01-N4-MUM             NV-FW01-N4-MUM-ScratchPad  
  NV-FW01-N5-LON             NV-FW01-UCPE               
  NV-FW02-N2-BLR             NV-FW02-N2-BLR-ScratchPad  
  NV-FW02-N4-MUM             NV-FW02-N4-MUM-ScratchPad  
  NV-FW02-N5-LON             NV-GW01-N2-BLR             
  NV-GW01-N2-BLR-ScratchPad  NV-GW01-N4-MUM             
  NV-GW01-N4-MUM-ScratchPad  NV-GW01-N5-LON             
  NV-GW01-UCPE               NV-GW02-N2-BLR             
  NV-GW02-N2-BLR-ScratchPad  NV-GW02-N4-MUM             
  NV-GW02-N4-MUM-ScratchPad  NV-GW02-N5-LON             
  NV-WC01-N2-BLR             NV-WC01-N4-MUM             
  NV-WC01-N4-MUM-ScratchPad  NV-WC01-N5-LON             
  NV-WC01-UCPE               NV-WC02-N2-BLR             
  NV-WC02-N2-BLR-ScratchPad  NV-WC02-N4-MUM             
  NV-WC02-N4-MUM-ScratchPad  NV-WC02-N5-LON             
  ProviderOrg-DataStore      SAMPLE-CONTROLLER          
  TEST-CUST6-DataStore       TEST-CUST7-DataStore       
  TEST-CUST8-DataStore       TEST-CUST9-DataStore       
  TEST-NITIN-NEW-DataStore   UAT00021-DataStore         
  VNF-GW-1                   VNF-GW-1-ScratchPad        
  VNF-GW-2                   VNF-GW-2-ScratchPad        
  WAN-CTRL-1                 WAN-CTRL-1-ScratchPad      
Administrator@Versa-Dir-BLR-1% delete devices device config org org-services IPC04624 sd-wan policies Default-Policy rules Default-Rule
------------------------------------------------------------^
syntax error: element does not exist
[error][2018-12-24 06:25:15]

[edit]
Administrator@Versa-Dir-BLR-1% set devices device 
Possible completions: (first 100):
  A string uniquely identifying the managed device  
  COLT-INFRA-DataStore                              
  CPE-1                                             
  CPE-11                                            
  CPE-12                                            
  CPE-13                                            
  CPE-131-Manish-4G                                 
  CPE-14                                            
  CPE-15                                            
  CPE-16                                            
  CPE-16-ScratchPad                                 
  CPE-19                                            
  CPE-22-New                                        
  CPE-23-New                                        
  CPE-24                                            
  CPE-25                                            
  CPE-29                                            
  CPE-32                                            
  CPE-33                                            
  CPE-39                                            
  CPE-4                                             
  CPE-40                                            
  CPE-41                                            
  CPE-43                                            
  CPE-46                                            
  CPE-47                                            
  CPE-5                                             
  CPE-51                                            
  CPE-52                                            
  CPE-53                                            
  CPE-54                                            
  CPE-6                                             
  CPE-7                                             
  CPE-8                                             
  CPE-8-Manish                                      
  CPE-9                                             
  CPE38                                             
  CPE48                                             
  CPE49                                             
  CPE50                                             
  CPE55-VM                                          
  CPE60                                             
  CPE61                                             
  Colt-DataStore                                    
  DEMO-1                                            
  DEMO-2                                            
  DEMO-5                                            
  FEEFAUTO-CPE27                                    
  FKKFAUTO-CPE26                                    
  FKKFAUTO-CPE27                                    
  IPC00001-DataStore                                
  IPC00002-DataStore                                
  IPC00011-DataStore                                
  IPC02555-DataStore                                
  IPC04126-DataStore                                
  NV-FW01-N2-BLR                                    
  NV-FW01-N2-BLR-ScratchPad                         
  NV-FW01-N4-MUM                                    
  NV-FW01-N4-MUM-ScratchPad                         
  NV-FW01-N5-LON                                    
  NV-FW01-UCPE                                      
  NV-FW02-N2-BLR                                    
  NV-FW02-N2-BLR-ScratchPad                         
  NV-FW02-N4-MUM                                    
  NV-FW02-N4-MUM-ScratchPad                         
  NV-FW02-N5-LON                                    
  NV-GW01-N2-BLR                                    
  NV-GW01-N2-BLR-ScratchPad                         
  NV-GW01-N4-MUM                                    
  NV-GW01-N4-MUM-ScratchPad                         
  NV-GW01-N5-LON                                    
  NV-GW01-UCPE                                      
  NV-GW02-N2-BLR                                    
  NV-GW02-N2-BLR-ScratchPad                         
  NV-GW02-N4-MUM                                    
  NV-GW02-N4-MUM-ScratchPad                         
  NV-GW02-N5-LON                                    
  NV-WC01-N2-BLR                                    
  NV-WC01-N4-MUM                                    
  NV-WC01-N4-MUM-ScratchPad                         
  NV-WC01-N5-LON                                    
  NV-WC01-UCPE                                      
  NV-WC02-N2-BLR                                    
  NV-WC02-N2-BLR-ScratchPad                         
  NV-WC02-N4-MUM                                    
  NV-WC02-N4-MUM-ScratchPad                         
  NV-WC02-N5-LON                                    
  ProviderOrg-DataStore                             
  SAMPLE-CONTROLLER                                 
  TEST-CUST6-DataStore                              
  TEST-CUST7-DataStore                              
  TEST-CUST8-DataStore                              
  TEST-CUST9-DataStore                              
  TEST-NITIN-NEW-DataStore                          
  UAT00021-DataStore                                
  VNF-GW-1                                          
  VNF-GW-1-ScratchPad                               
  VNF-GW-2                                          
  VNF-GW-2-ScratchPad                               
  WAN-CTRL-1                                        
Administrator@Versa-Dir-BLR-1% set devices device config org org-services IPC04624 sd-wan forwarding-profiles DEFAULT-TRAFFIC-PROFILE circuit-priorities priority 1 circuit-names local [ MPLS-WAN1 MPLS-WAN2 ]
---------------------------------------------------------^
syntax error: element does not exist
[error][2018-12-24 06:25:15]

[edit]
Administrator@Versa-Dir-BLR-1% set devices device 
Possible completions: (first 100):
  A string uniquely identifying the managed device  
  COLT-INFRA-DataStore                              
  CPE-1                                             
  CPE-11                                            
  CPE-12                                            
  CPE-13                                            
  CPE-131-Manish-4G                                 
  CPE-14                                            
  CPE-15                                            
  CPE-16                                            
  CPE-16-ScratchPad                                 
  CPE-19                                            
  CPE-22-New                                        
  CPE-23-New                                        
  CPE-24                                            
  CPE-25                                            
  CPE-29                                            
  CPE-32                                            
  CPE-33                                            
  CPE-39                                            
  CPE-4                                             
  CPE-40                                            
  CPE-41                                            
  CPE-43                                            
  CPE-46                                            
  CPE-47                                            
  CPE-5                                             
  CPE-51                                            
  CPE-52                                            
  CPE-53                                            
  CPE-54                                            
  CPE-6                                             
  CPE-7                                             
  CPE-8                                             
  CPE-8-Manish                                      
  CPE-9                                             
  CPE38                                             
  CPE48                                             
  CPE49                                             
  CPE50                                             
  CPE55-VM                                          
  CPE60                                             
  CPE61                                             
  Colt-DataStore                                    
  DEMO-1                                            
  DEMO-2                                            
  DEMO-5                                            
  FEEFAUTO-CPE27                                    
  FKKFAUTO-CPE26                                    
  FKKFAUTO-CPE27                                    
  IPC00001-DataStore                                
  IPC00002-DataStore                                
  IPC00011-DataStore                                
  IPC02555-DataStore                                
  IPC04126-DataStore                                
  NV-FW01-N2-BLR                                    
  NV-FW01-N2-BLR-ScratchPad                         
  NV-FW01-N4-MUM                                    
  NV-FW01-N4-MUM-ScratchPad                         
  NV-FW01-N5-LON                                    
  NV-FW01-UCPE                                      
  NV-FW02-N2-BLR                                    
  NV-FW02-N2-BLR-ScratchPad                         
  NV-FW02-N4-MUM                                    
  NV-FW02-N4-MUM-ScratchPad                         
  NV-FW02-N5-LON                                    
  NV-GW01-N2-BLR                                    
  NV-GW01-N2-BLR-ScratchPad                         
  NV-GW01-N4-MUM                                    
  NV-GW01-N4-MUM-ScratchPad                         
  NV-GW01-N5-LON                                    
  NV-GW01-UCPE                                      
  NV-GW02-N2-BLR                                    
  NV-GW02-N2-BLR-ScratchPad                         
  NV-GW02-N4-MUM                                    
  NV-GW02-N4-MUM-ScratchPad                         
  NV-GW02-N5-LON                                    
  NV-WC01-N2-BLR                                    
  NV-WC01-N4-MUM                                    
  NV-WC01-N4-MUM-ScratchPad                         
  NV-WC01-N5-LON                                    
  NV-WC01-UCPE                                      
  NV-WC02-N2-BLR                                    
  NV-WC02-N2-BLR-ScratchPad                         
  NV-WC02-N4-MUM                                    
  NV-WC02-N4-MUM-ScratchPad                         
  NV-WC02-N5-LON                                    
  ProviderOrg-DataStore                             
  SAMPLE-CONTROLLER                                 
  TEST-CUST6-DataStore                              
  TEST-CUST7-DataStore                              
  TEST-CUST8-DataStore                              
  TEST-CUST9-DataStore                              
  TEST-NITIN-NEW-DataStore                          
  UAT00021-DataStore                                
  VNF-GW-1                                          
  VNF-GW-1-ScratchPad                               
  VNF-GW-2                                          
  VNF-GW-2-ScratchPad                               
  WAN-CTRL-1                                        
Administrator@Versa-Dir-BLR-1% set devices device config org org-services IPC04624 sd-wan forwarding-profiles DEFAULT-TRAFFIC-PROFILE circuit-priorities priority 1 circuit-names remote [ MPLS-WAN MPLS-WAN1 MPLS-WAN2 ]
---------------------------------------------------------^
syntax error: element does not exist
[error][2018-12-24 06:25:15]

[edit]
Administrator@Versa-Dir-BLR-1% 

[edit]
Administrator@Versa-Dir-BLR-1% 

[edit]
Administrator@Versa-Dir-BLR-1% set devices device 
Possible completions: (first 100):
  A string uniquely identifying the managed device  
  COLT-INFRA-DataStore                              
  CPE-1                                             
  CPE-11                                            
  CPE-12                                            
  CPE-13                                            
  CPE-131-Manish-4G                                 
  CPE-14                                            
  CPE-15                                            
  CPE-16                                            
  CPE-16-ScratchPad                                 
  CPE-19                                            
  CPE-22-New                                        
  CPE-23-New                                        
  CPE-24                                            
  CPE-25                                            
  CPE-29                                            
  CPE-32                                            
  CPE-33                                            
  CPE-39                                            
  CPE-4                                             
  CPE-40                                            
  CPE-41                                            
  CPE-43                                            
  CPE-46                                            
  CPE-47                                            
  CPE-5                                             
  CPE-51                                            
  CPE-52                                            
  CPE-53                                            
  CPE-54                                            
  CPE-6                                             
  CPE-7                                             
  CPE-8                                             
  CPE-8-Manish                                      
  CPE-9                                             
  CPE38                                             
  CPE48                                             
  CPE49                                             
  CPE50                                             
  CPE55-VM                                          
  CPE60                                             
  CPE61                                             
  Colt-DataStore                                    
  DEMO-1                                            
  DEMO-2                                            
  DEMO-5                                            
  FEEFAUTO-CPE27                                    
  FKKFAUTO-CPE26                                    
  FKKFAUTO-CPE27                                    
  IPC00001-DataStore                                
  IPC00002-DataStore                                
  IPC00011-DataStore                                
  IPC02555-DataStore                                
  IPC04126-DataStore                                
  NV-FW01-N2-BLR                                    
  NV-FW01-N2-BLR-ScratchPad                         
  NV-FW01-N4-MUM                                    
  NV-FW01-N4-MUM-ScratchPad                         
  NV-FW01-N5-LON                                    
  NV-FW01-UCPE                                      
  NV-FW02-N2-BLR                                    
  NV-FW02-N2-BLR-ScratchPad                         
  NV-FW02-N4-MUM                                    
  NV-FW02-N4-MUM-ScratchPad                         
  NV-FW02-N5-LON                                    
  NV-GW01-N2-BLR                                    
  NV-GW01-N2-BLR-ScratchPad                         
  NV-GW01-N4-MUM                                    
  NV-GW01-N4-MUM-ScratchPad                         
  NV-GW01-N5-LON                                    
  NV-GW01-UCPE                                      
  NV-GW02-N2-BLR                                    
  NV-GW02-N2-BLR-ScratchPad                         
  NV-GW02-N4-MUM                                    
  NV-GW02-N4-MUM-ScratchPad                         
  NV-GW02-N5-LON                                    
  NV-WC01-N2-BLR                                    
  NV-WC01-N4-MUM                                    
  NV-WC01-N4-MUM-ScratchPad                         
  NV-WC01-N5-LON                                    
  NV-WC01-UCPE                                      
  NV-WC02-N2-BLR                                    
  NV-WC02-N2-BLR-ScratchPad                         
  NV-WC02-N4-MUM                                    
  NV-WC02-N4-MUM-ScratchPad                         
  NV-WC02-N5-LON                                    
  ProviderOrg-DataStore                             
  SAMPLE-CONTROLLER                                 
  TEST-CUST6-DataStore                              
  TEST-CUST7-DataStore                              
  TEST-CUST8-DataStore                              
  TEST-CUST9-DataStore                              
  TEST-NITIN-NEW-DataStore                          
  UAT00021-DataStore                                
  VNF-GW-1                                          
  VNF-GW-1-ScratchPad                               
  VNF-GW-2                                          
  VNF-GW-2-ScratchPad                               
  WAN-CTRL-1                                        
Administrator@Versa-Dir-BLR-1% set devices device config org org-services IPC04624 sd-wan forwarding-profiles DEFAULT-TRAFFIC-PROFILE connection-selection-method weighted-round-robin
---------------------------------------------------------^
syntax error: element does not exist
[error][2018-12-24 06:25:16]

[edit]
Administrator@Versa-Dir-BLR-1% set devices device 
Possible completions: (first 100):
  A string uniquely identifying the managed device  
  COLT-INFRA-DataStore                              
  CPE-1                                             
  CPE-11                                            
  CPE-12                                            
  CPE-13                                            
  CPE-131-Manish-4G                                 
  CPE-14                                            
  CPE-15                                            
  CPE-16                                            
  CPE-16-ScratchPad                                 
  CPE-19                                            
  CPE-22-New                                        
  CPE-23-New                                        
  CPE-24                                            
  CPE-25                                            
  CPE-29                                            
  CPE-32                                            
  CPE-33                                            
  CPE-39                                            
  CPE-4                                             
  CPE-40                                            
  CPE-41                                            
  CPE-43                                            
  CPE-46                                            
  CPE-47                                            
  CPE-5                                             
  CPE-51                                            
  CPE-52                                            
  CPE-53                                            
  CPE-54                                            
  CPE-6                                             
  CPE-7                                             
  CPE-8                                             
  CPE-8-Manish                                      
  CPE-9                                             
  CPE38                                             
  CPE48                                             
  CPE49                                             
  CPE50                                             
  CPE55-VM                                          
  CPE60                                             
  CPE61                                             
  Colt-DataStore                                    
  DEMO-1                                            
  DEMO-2                                            
  DEMO-5                                            
  FEEFAUTO-CPE27                                    
  FKKFAUTO-CPE26                                    
  FKKFAUTO-CPE27                                    
  IPC00001-DataStore                                
  IPC00002-DataStore                                
  IPC00011-DataStore                                
  IPC02555-DataStore                                
  IPC04126-DataStore                                
  NV-FW01-N2-BLR                                    
  NV-FW01-N2-BLR-ScratchPad                         
  NV-FW01-N4-MUM                                    
  NV-FW01-N4-MUM-ScratchPad                         
  NV-FW01-N5-LON                                    
  NV-FW01-UCPE                                      
  NV-FW02-N2-BLR                                    
  NV-FW02-N2-BLR-ScratchPad                         
  NV-FW02-N4-MUM                                    
  NV-FW02-N4-MUM-ScratchPad                         
  NV-FW02-N5-LON                                    
  NV-GW01-N2-BLR                                    
  NV-GW01-N2-BLR-ScratchPad                         
  NV-GW01-N4-MUM                                    
  NV-GW01-N4-MUM-ScratchPad                         
  NV-GW01-N5-LON                                    
  NV-GW01-UCPE                                      
  NV-GW02-N2-BLR                                    
  NV-GW02-N2-BLR-ScratchPad                         
  NV-GW02-N4-MUM                                    
  NV-GW02-N4-MUM-ScratchPad                         
  NV-GW02-N5-LON                                    
  NV-WC01-N2-BLR                                    
  NV-WC01-N4-MUM                                    
  NV-WC01-N4-MUM-ScratchPad                         
  NV-WC01-N5-LON                                    
  NV-WC01-UCPE                                      
  NV-WC02-N2-BLR                                    
  NV-WC02-N2-BLR-ScratchPad                         
  NV-WC02-N4-MUM                                    
  NV-WC02-N4-MUM-ScratchPad                         
  NV-WC02-N5-LON                                    
  ProviderOrg-DataStore                             
  SAMPLE-CONTROLLER                                 
  TEST-CUST6-DataStore                              
  TEST-CUST7-DataStore                              
  TEST-CUST8-DataStore                              
  TEST-CUST9-DataStore                              
  TEST-NITIN-NEW-DataStore                          
  UAT00021-DataStore                                
  VNF-GW-1                                          
  VNF-GW-1-ScratchPad                               
  VNF-GW-2                                          
  VNF-GW-2-ScratchPad                               
  WAN-CTRL-1                                        
Administrator@Versa-Dir-BLR-1% set devices device config org org-services IPC04624 sd-wan forwarding-profiles DEFAULT-TRAFFIC-PROFILE recompute-timer 40
---------------------------------------------------------^
syntax error: element does not exist
[error][2018-12-24 06:25:16]

[edit]
Administrator@Versa-Dir-BLR-1% set devices device 
Possible completions: (first 100):
  A string uniquely identifying the managed device  
  COLT-INFRA-DataStore                              
  CPE-1                                             
  CPE-11                                            
  CPE-12                                            
  CPE-13                                            
  CPE-131-Manish-4G                                 
  CPE-14                                            
  CPE-15                                            
  CPE-16                                            
  CPE-16-ScratchPad                                 
  CPE-19                                            
  CPE-22-New                                        
  CPE-23-New                                        
  CPE-24                                            
  CPE-25                                            
  CPE-29                                            
  CPE-32                                            
  CPE-33                                            
  CPE-39                                            
  CPE-4                                             
  CPE-40                                            
  CPE-41                                            
  CPE-43                                            
  CPE-46                                            
  CPE-47                                            
  CPE-5                                             
  CPE-51                                            
  CPE-52                                            
  CPE-53                                            
  CPE-54                                            
  CPE-6                                             
  CPE-7                                             
  CPE-8                                             
  CPE-8-Manish                                      
  CPE-9                                             
  CPE38                                             
  CPE48                                             
  CPE49                                             
  CPE50                                             
  CPE55-VM                                          
  CPE60                                             
  CPE61                                             
  Colt-DataStore                                    
  DEMO-1                                            
  DEMO-2                                            
  DEMO-5                                            
  FEEFAUTO-CPE27                                    
  FKKFAUTO-CPE26                                    
  FKKFAUTO-CPE27                                    
  IPC00001-DataStore                                
  IPC00002-DataStore                                
  IPC00011-DataStore                                
  IPC02555-DataStore                                
  IPC04126-DataStore                                
  NV-FW01-N2-BLR                                    
  NV-FW01-N2-BLR-ScratchPad                         
  NV-FW01-N4-MUM                                    
  NV-FW01-N4-MUM-ScratchPad                         
  NV-FW01-N5-LON                                    
  NV-FW01-UCPE                                      
  NV-FW02-N2-BLR                                    
  NV-FW02-N2-BLR-ScratchPad                         
  NV-FW02-N4-MUM                                    
  NV-FW02-N4-MUM-ScratchPad                         
  NV-FW02-N5-LON                                    
  NV-GW01-N2-BLR                                    
  NV-GW01-N2-BLR-ScratchPad                         
  NV-GW01-N4-MUM                                    
  NV-GW01-N4-MUM-ScratchPad                         
  NV-GW01-N5-LON                                    
  NV-GW01-UCPE                                      
  NV-GW02-N2-BLR                                    
  NV-GW02-N2-BLR-ScratchPad                         
  NV-GW02-N4-MUM                                    
  NV-GW02-N4-MUM-ScratchPad                         
  NV-GW02-N5-LON                                    
  NV-WC01-N2-BLR                                    
  NV-WC01-N4-MUM                                    
  NV-WC01-N4-MUM-ScratchPad                         
  NV-WC01-N5-LON                                    
  NV-WC01-UCPE                                      
  NV-WC02-N2-BLR                                    
  NV-WC02-N2-BLR-ScratchPad                         
  NV-WC02-N4-MUM                                    
  NV-WC02-N4-MUM-ScratchPad                         
  NV-WC02-N5-LON                                    
  ProviderOrg-DataStore                             
  SAMPLE-CONTROLLER                                 
  TEST-CUST6-DataStore                              
  TEST-CUST7-DataStore                              
  TEST-CUST8-DataStore                              
  TEST-CUST9-DataStore                              
  TEST-NITIN-NEW-DataStore                          
  UAT00021-DataStore                                
  VNF-GW-1                                          
  VNF-GW-1-ScratchPad                               
  VNF-GW-2                                          
  VNF-GW-2-ScratchPad                               
  WAN-CTRL-1                                        
Administrator@Versa-Dir-BLR-1% set devices device config org org-services IPC04624 sd-wan forwarding-profiles DEFAULT-TRAFFIC-PROFILE encryption optional
---------------------------------------------------------^
syntax error: element does not exist
[error][2018-12-24 06:25:16]

[edit]
Administrator@Versa-Dir-BLR-1% set devices device 
Possible completions: (first 100):
  A string uniquely identifying the managed device  
  COLT-INFRA-DataStore                              
  CPE-1                                             
  CPE-11                                            
  CPE-12                                            
  CPE-13                                            
  CPE-131-Manish-4G                                 
  CPE-14                                            
  CPE-15                                            
  CPE-16                                            
  CPE-16-ScratchPad                                 
  CPE-19                                            
  CPE-22-New                                        
  CPE-23-New                                        
  CPE-24                                            
  CPE-25                                            
  CPE-29                                            
  CPE-32                                            
  CPE-33                                            
  CPE-39                                            
  CPE-4                                             
  CPE-40                                            
  CPE-41                                            
  CPE-43                                            
  CPE-46                                            
  CPE-47                                            
  CPE-5                                             
  CPE-51                                            
  CPE-52                                            
  CPE-53                                            
  CPE-54                                            
  CPE-6                                             
  CPE-7                                             
  CPE-8                                             
  CPE-8-Manish                                      
  CPE-9                                             
  CPE38                                             
  CPE48                                             
  CPE49                                             
  CPE50                                             
  CPE55-VM                                          
  CPE60                                             
  CPE61                                             
  Colt-DataStore                                    
  DEMO-1                                            
  DEMO-2                                            
  DEMO-5                                            
  FEEFAUTO-CPE27                                    
  FKKFAUTO-CPE26                                    
  FKKFAUTO-CPE27                                    
  IPC00001-DataStore                                
  IPC00002-DataStore                                
  IPC00011-DataStore                                
  IPC02555-DataStore                                
  IPC04126-DataStore                                
  NV-FW01-N2-BLR                                    
  NV-FW01-N2-BLR-ScratchPad                         
  NV-FW01-N4-MUM                                    
  NV-FW01-N4-MUM-ScratchPad                         
  NV-FW01-N5-LON                                    
  NV-FW01-UCPE                                      
  NV-FW02-N2-BLR                                    
  NV-FW02-N2-BLR-ScratchPad                         
  NV-FW02-N4-MUM                                    
  NV-FW02-N4-MUM-ScratchPad                         
  NV-FW02-N5-LON                                    
  NV-GW01-N2-BLR                                    
  NV-GW01-N2-BLR-ScratchPad                         
  NV-GW01-N4-MUM                                    
  NV-GW01-N4-MUM-ScratchPad                         
  NV-GW01-N5-LON                                    
  NV-GW01-UCPE                                      
  NV-GW02-N2-BLR                                    
  NV-GW02-N2-BLR-ScratchPad                         
  NV-GW02-N4-MUM                                    
  NV-GW02-N4-MUM-ScratchPad                         
  NV-GW02-N5-LON                                    
  NV-WC01-N2-BLR                                    
  NV-WC01-N4-MUM                                    
  NV-WC01-N4-MUM-ScratchPad                         
  NV-WC01-N5-LON                                    
  NV-WC01-UCPE                                      
  NV-WC02-N2-BLR                                    
  NV-WC02-N2-BLR-ScratchPad                         
  NV-WC02-N4-MUM                                    
  NV-WC02-N4-MUM-ScratchPad                         
  NV-WC02-N5-LON                                    
  ProviderOrg-DataStore                             
  SAMPLE-CONTROLLER                                 
  TEST-CUST6-DataStore                              
  TEST-CUST7-DataStore                              
  TEST-CUST8-DataStore                              
  TEST-CUST9-DataStore                              
  TEST-NITIN-NEW-DataStore                          
  UAT00021-DataStore                                
  VNF-GW-1                                          
  VNF-GW-1-ScratchPad                               
  VNF-GW-2                                          
  VNF-GW-2-ScratchPad                               
  WAN-CTRL-1                                        
Administrator@Versa-Dir-BLR-1% set devices device config org org-services IPC04624 sd-wan forwarding-profiles DEFAULT-TRAFFIC-PROFILE symmetric-forwarding enable
---------------------------------------------------------^
syntax error: element does not exist
[error][2018-12-24 06:25:16]

[edit]
Administrator@Versa-Dir-BLR-1% set devices device 
Possible completions: (first 100):
  A string uniquely identifying the managed device  
  COLT-INFRA-DataStore                              
  CPE-1                                             
  CPE-11                                            
  CPE-12                                            
  CPE-13                                            
  CPE-131-Manish-4G                                 
  CPE-14                                            
  CPE-15                                            
  CPE-16                                            
  CPE-16-ScratchPad                                 
  CPE-19                                            
  CPE-22-New                                        
  CPE-23-New                                        
  CPE-24                                            
  CPE-25                                            
  CPE-29                                            
  CPE-32                                            
  CPE-33                                            
  CPE-39                                            
  CPE-4                                             
  CPE-40                                            
  CPE-41                                            
  CPE-43                                            
  CPE-46                                            
  CPE-47                                            
  CPE-5                                             
  CPE-51                                            
  CPE-52                                            
  CPE-53                                            
  CPE-54                                            
  CPE-6                                             
  CPE-7                                             
  CPE-8                                             
  CPE-8-Manish                                      
  CPE-9                                             
  CPE38                                             
  CPE48                                             
  CPE49                                             
  CPE50                                             
  CPE55-VM                                          
  CPE60                                             
  CPE61                                             
  Colt-DataStore                                    
  DEMO-1                                            
  DEMO-2                                            
  DEMO-5                                            
  FEEFAUTO-CPE27                                    
  FKKFAUTO-CPE26                                    
  FKKFAUTO-CPE27                                    
  IPC00001-DataStore                                
  IPC00002-DataStore                                
  IPC00011-DataStore                                
  IPC02555-DataStore                                
  IPC04126-DataStore                                
  NV-FW01-N2-BLR                                    
  NV-FW01-N2-BLR-ScratchPad                         
  NV-FW01-N4-MUM                                    
  NV-FW01-N4-MUM-ScratchPad                         
  NV-FW01-N5-LON                                    
  NV-FW01-UCPE                                      
  NV-FW02-N2-BLR                                    
  NV-FW02-N2-BLR-ScratchPad                         
  NV-FW02-N4-MUM                                    
  NV-FW02-N4-MUM-ScratchPad                         
  NV-FW02-N5-LON                                    
  NV-GW01-N2-BLR                                    
  NV-GW01-N2-BLR-ScratchPad                         
  NV-GW01-N4-MUM                                    
  NV-GW01-N4-MUM-ScratchPad                         
  NV-GW01-N5-LON                                    
  NV-GW01-UCPE                                      
  NV-GW02-N2-BLR                                    
  NV-GW02-N2-BLR-ScratchPad                         
  NV-GW02-N4-MUM                                    
  NV-GW02-N4-MUM-ScratchPad                         
  NV-GW02-N5-LON                                    
  NV-WC01-N2-BLR                                    
  NV-WC01-N4-MUM                                    
  NV-WC01-N4-MUM-ScratchPad                         
  NV-WC01-N5-LON                                    
  NV-WC01-UCPE                                      
  NV-WC02-N2-BLR                                    
  NV-WC02-N2-BLR-ScratchPad                         
  NV-WC02-N4-MUM                                    
  NV-WC02-N4-MUM-ScratchPad                         
  NV-WC02-N5-LON                                    
  ProviderOrg-DataStore                             
  SAMPLE-CONTROLLER                                 
  TEST-CUST6-DataStore                              
  TEST-CUST7-DataStore                              
  TEST-CUST8-DataStore                              
  TEST-CUST9-DataStore                              
  TEST-NITIN-NEW-DataStore                          
  UAT00021-DataStore                                
  VNF-GW-1                                          
  VNF-GW-1-ScratchPad                               
  VNF-GW-2                                          
  VNF-GW-2-ScratchPad                               
  WAN-CTRL-1                                        
Administrator@Versa-Dir-BLR-1% set devices device config org org-services IPC04624 sd-wan policies Default-Policy rules DEFAULT-TRAFFIC-RULE description DEFAULT-TRAFFIC-RULE
---------------------------------------------------------^
syntax error: element does not exist
[error][2018-12-24 06:25:16]

[edit]
Administrator@Versa-Dir-BLR-1% set devices device 
Possible completions: (first 100):
  A string uniquely identifying the managed device  
  COLT-INFRA-DataStore                              
  CPE-1                                             
  CPE-11                                            
  CPE-12                                            
  CPE-13                                            
  CPE-131-Manish-4G                                 
  CPE-14                                            
  CPE-15                                            
  CPE-16                                            
  CPE-16-ScratchPad                                 
  CPE-19                                            
  CPE-22-New                                        
  CPE-23-New                                        
  CPE-24                                            
  CPE-25                                            
  CPE-29                                            
  CPE-32                                            
  CPE-33                                            
  CPE-39                                            
  CPE-4                                             
  CPE-40                                            
  CPE-41                                            
  CPE-43                                            
  CPE-46                                            
  CPE-47                                            
  CPE-5                                             
  CPE-51                                            
  CPE-52                                            
  CPE-53                                            
  CPE-54                                            
  CPE-6                                             
  CPE-7                                             
  CPE-8                                             
  CPE-8-Manish                                      
  CPE-9                                             
  CPE38                                             
  CPE48                                             
  CPE49                                             
  CPE50                                             
  CPE55-VM                                          
  CPE60                                             
  CPE61                                             
  Colt-DataStore                                    
  DEMO-1                                            
  DEMO-2                                            
  DEMO-5                                            
  FEEFAUTO-CPE27                                    
  FKKFAUTO-CPE26                                    
  FKKFAUTO-CPE27                                    
  IPC00001-DataStore                                
  IPC00002-DataStore                                
  IPC00011-DataStore                                
  IPC02555-DataStore                                
  IPC04126-DataStore                                
  NV-FW01-N2-BLR                                    
  NV-FW01-N2-BLR-ScratchPad                         
  NV-FW01-N4-MUM                                    
  NV-FW01-N4-MUM-ScratchPad                         
  NV-FW01-N5-LON                                    
  NV-FW01-UCPE                                      
  NV-FW02-N2-BLR                                    
  NV-FW02-N2-BLR-ScratchPad                         
  NV-FW02-N4-MUM                                    
  NV-FW02-N4-MUM-ScratchPad                         
  NV-FW02-N5-LON                                    
  NV-GW01-N2-BLR                                    
  NV-GW01-N2-BLR-ScratchPad                         
  NV-GW01-N4-MUM                                    
  NV-GW01-N4-MUM-ScratchPad                         
  NV-GW01-N5-LON                                    
  NV-GW01-UCPE                                      
  NV-GW02-N2-BLR                                    
  NV-GW02-N2-BLR-ScratchPad                         
  NV-GW02-N4-MUM                                    
  NV-GW02-N4-MUM-ScratchPad                         
  NV-GW02-N5-LON                                    
  NV-WC01-N2-BLR                                    
  NV-WC01-N4-MUM                                    
  NV-WC01-N4-MUM-ScratchPad                         
  NV-WC01-N5-LON                                    
  NV-WC01-UCPE                                      
  NV-WC02-N2-BLR                                    
  NV-WC02-N2-BLR-ScratchPad                         
  NV-WC02-N4-MUM                                    
  NV-WC02-N4-MUM-ScratchPad                         
  NV-WC02-N5-LON                                    
  ProviderOrg-DataStore                             
  SAMPLE-CONTROLLER                                 
  TEST-CUST6-DataStore                              
  TEST-CUST7-DataStore                              
  TEST-CUST8-DataStore                              
  TEST-CUST9-DataStore                              
  TEST-NITIN-NEW-DataStore                          
  UAT00021-DataStore                                
  VNF-GW-1                                          
  VNF-GW-1-ScratchPad                               
  VNF-GW-2                                          
  VNF-GW-2-ScratchPad                               
  WAN-CTRL-1                                        
Administrator@Versa-Dir-BLR-1% set devices device config org org-services IPC04624 sd-wan policies Default-Policy rules DEFAULT-TRAFFIC-RULE set action allow
---------------------------------------------------------^
syntax error: element does not exist
[error][2018-12-24 06:25:17]

[edit]
Administrator@Versa-Dir-BLR-1% set devices device 
Possible completions: (first 100):
  A string uniquely identifying the managed device  
  COLT-INFRA-DataStore                              
  CPE-1                                             
  CPE-11                                            
  CPE-12                                            
  CPE-13                                            
  CPE-131-Manish-4G                                 
  CPE-14                                            
  CPE-15                                            
  CPE-16                                            
  CPE-16-ScratchPad                                 
  CPE-19                                            
  CPE-22-New                                        
  CPE-23-New                                        
  CPE-24                                            
  CPE-25                                            
  CPE-29                                            
  CPE-32                                            
  CPE-33                                            
  CPE-39                                            
  CPE-4                                             
  CPE-40                                            
  CPE-41                                            
  CPE-43                                            
  CPE-46                                            
  CPE-47                                            
  CPE-5                                             
  CPE-51                                            
  CPE-52                                            
  CPE-53                                            
  CPE-54                                            
  CPE-6                                             
  CPE-7                                             
  CPE-8                                             
  CPE-8-Manish                                      
  CPE-9                                             
  CPE38                                             
  CPE48                                             
  CPE49                                             
  CPE50                                             
  CPE55-VM                                          
  CPE60                                             
  CPE61                                             
  Colt-DataStore                                    
  DEMO-1                                            
  DEMO-2                                            
  DEMO-5                                            
  FEEFAUTO-CPE27                                    
  FKKFAUTO-CPE26                                    
  FKKFAUTO-CPE27                                    
  IPC00001-DataStore                                
  IPC00002-DataStore                                
  IPC00011-DataStore                                
  IPC02555-DataStore                                
  IPC04126-DataStore                                
  NV-FW01-N2-BLR                                    
  NV-FW01-N2-BLR-ScratchPad                         
  NV-FW01-N4-MUM                                    
  NV-FW01-N4-MUM-ScratchPad                         
  NV-FW01-N5-LON                                    
  NV-FW01-UCPE                                      
  NV-FW02-N2-BLR                                    
  NV-FW02-N2-BLR-ScratchPad                         
  NV-FW02-N4-MUM                                    
  NV-FW02-N4-MUM-ScratchPad                         
  NV-FW02-N5-LON                                    
  NV-GW01-N2-BLR                                    
  NV-GW01-N2-BLR-ScratchPad                         
  NV-GW01-N4-MUM                                    
  NV-GW01-N4-MUM-ScratchPad                         
  NV-GW01-N5-LON                                    
  NV-GW01-UCPE                                      
  NV-GW02-N2-BLR                                    
  NV-GW02-N2-BLR-ScratchPad                         
  NV-GW02-N4-MUM                                    
  NV-GW02-N4-MUM-ScratchPad                         
  NV-GW02-N5-LON                                    
  NV-WC01-N2-BLR                                    
  NV-WC01-N4-MUM                                    
  NV-WC01-N4-MUM-ScratchPad                         
  NV-WC01-N5-LON                                    
  NV-WC01-UCPE                                      
  NV-WC02-N2-BLR                                    
  NV-WC02-N2-BLR-ScratchPad                         
  NV-WC02-N4-MUM                                    
  NV-WC02-N4-MUM-ScratchPad                         
  NV-WC02-N5-LON                                    
  ProviderOrg-DataStore                             
  SAMPLE-CONTROLLER                                 
  TEST-CUST6-DataStore                              
  TEST-CUST7-DataStore                              
  TEST-CUST8-DataStore                              
  TEST-CUST9-DataStore                              
  TEST-NITIN-NEW-DataStore                          
  UAT00021-DataStore                                
  VNF-GW-1                                          
  VNF-GW-1-ScratchPad                               
  VNF-GW-2                                          
  VNF-GW-2-ScratchPad                               
  WAN-CTRL-1                                        
Administrator@Versa-Dir-BLR-1% set devices device config org org-services IPC04624 sd-wan policies Default-Policy rules DEFAULT-TRAFFIC-RULE set forwarding-profile DEFAULT-TRAFFIC-PROFILE
---------------------------------------------------------^
syntax error: element does not exist
[error][2018-12-24 06:25:17]

[edit]
Administrator@Versa-Dir-BLR-1% move devices device 
Possible completions: (first 100):
  COLT-INFRA-DataStore       CPE-1                      
  CPE-11                     CPE-12                     
  CPE-13                     CPE-131-Manish-4G          
  CPE-14                     CPE-15                     
  CPE-16                     CPE-16-ScratchPad          
  CPE-19                     CPE-22-New                 
  CPE-23-New                 CPE-24                     
  CPE-25                     CPE-29                     
  CPE-32                     CPE-33                     
  CPE-39                     CPE-4                      
  CPE-40                     CPE-41                     
  CPE-43                     CPE-46                     
  CPE-47                     CPE-5                      
  CPE-51                     CPE-52                     
  CPE-53                     CPE-54                     
  CPE-6                      CPE-7                      
  CPE-8                      CPE-8-Manish               
  CPE-9                      CPE38                      
  CPE48                      CPE49                      
  CPE50                      CPE55-VM                   
  CPE60                      CPE61                      
  Colt-DataStore             DEMO-1                     
  DEMO-2                     DEMO-5                     
  FEEFAUTO-CPE27             FKKFAUTO-CPE26             
  FKKFAUTO-CPE27             IPC00001-DataStore         
  IPC00002-DataStore         IPC00011-DataStore         
  IPC02555-DataStore         IPC04126-DataStore         
  NV-FW01-N2-BLR             NV-FW01-N2-BLR-ScratchPad  
  NV-FW01-N4-MUM             NV-FW01-N4-MUM-ScratchPad  
  NV-FW01-N5-LON             NV-FW01-UCPE               
  NV-FW02-N2-BLR             NV-FW02-N2-BLR-ScratchPad  
  NV-FW02-N4-MUM             NV-FW02-N4-MUM-ScratchPad  
  NV-FW02-N5-LON             NV-GW01-N2-BLR             
  NV-GW01-N2-BLR-ScratchPad  NV-GW01-N4-MUM             
  NV-GW01-N4-MUM-ScratchPad  NV-GW01-N5-LON             
  NV-GW01-UCPE               NV-GW02-N2-BLR             
  NV-GW02-N2-BLR-ScratchPad  NV-GW02-N4-MUM             
  NV-GW02-N4-MUM-ScratchPad  NV-GW02-N5-LON             
  NV-WC01-N2-BLR             NV-WC01-N4-MUM             
  NV-WC01-N4-MUM-ScratchPad  NV-WC01-N5-LON             
  NV-WC01-UCPE               NV-WC02-N2-BLR             
  NV-WC02-N2-BLR-ScratchPad  NV-WC02-N4-MUM             
  NV-WC02-N4-MUM-ScratchPad  NV-WC02-N5-LON             
  ProviderOrg-DataStore      SAMPLE-CONTROLLER          
  TEST-CUST6-DataStore       TEST-CUST7-DataStore       
  TEST-CUST8-DataStore       TEST-CUST9-DataStore       
  TEST-NITIN-NEW-DataStore   UAT00021-DataStore         
  VNF-GW-1                   VNF-GW-1-ScratchPad        
  VNF-GW-2                   VNF-GW-2-ScratchPad        
  WAN-CTRL-1                 WAN-CTRL-1-ScratchPad      
Administrator@Versa-Dir-BLR-1% move devices device config org org-services IPC04624 sd-wan policies Default-Policy rules DEFAULT-TRAFFIC-RULE last
---------------------------------------------------^
syntax error: element does not exist
[error][2018-12-24 06:25:17]

[edit]
Administrator@Versa-Dir-BLR-1% 
commit
No modifications to commit.
[ok][2018-12-24 06:25:19]

[edit]
Administrator@Versa-Dir-BLR-1% 
