delete devices device MAD000560 config org org-services IPC04624 sd-wan policies Default-Policy rules Default-Rule
set devices device MAD000560 config org org-services IPC04624 sd-wan forwarding-profiles DEFAULT-TRAFFIC-PROFILE circuit-priorities priority 1 circuit-names local [ MPLS-WAN1 MPLS-WAN2 ]
set devices device MAD000560 config org org-services IPC04624 sd-wan forwarding-profiles DEFAULT-TRAFFIC-PROFILE circuit-priorities priority 1 circuit-names remote [ MPLS-WAN MPLS-WAN1 MPLS-WAN2 ]


set devices device MAD000560 config org org-services IPC04624 sd-wan forwarding-profiles DEFAULT-TRAFFIC-PROFILE connection-selection-method weighted-round-robin
set devices device MAD000560 config org org-services IPC04624 sd-wan forwarding-profiles DEFAULT-TRAFFIC-PROFILE recompute-timer 40
set devices device MAD000560 config org org-services IPC04624 sd-wan forwarding-profiles DEFAULT-TRAFFIC-PROFILE encryption optional
set devices device MAD000560 config org org-services IPC04624 sd-wan forwarding-profiles DEFAULT-TRAFFIC-PROFILE symmetric-forwarding enable
set devices device MAD000560 config org org-services IPC04624 sd-wan policies Default-Policy rules DEFAULT-TRAFFIC-RULE description DEFAULT-TRAFFIC-RULE
set devices device MAD000560 config org org-services IPC04624 sd-wan policies Default-Policy rules DEFAULT-TRAFFIC-RULE set action allow
set devices device MAD000560 config org org-services IPC04624 sd-wan policies Default-Policy rules DEFAULT-TRAFFIC-RULE set forwarding-profile DEFAULT-TRAFFIC-PROFILE
move devices device MAD000560 config org org-services IPC04624 sd-wan policies Default-Policy rules DEFAULT-TRAFFIC-RULE last
configure
Entering configuration mode private
[ok][2018-12-24 06:27:16]

[edit]
Administrator@Versa-Dir-BLR-1% delete devices device MAD000560 config org org-services IPC04624 sd-wan policies Default-Policy rules Default-Rule
Error: element not found
[error][2018-12-24 06:27:17]

[edit]
Administrator@Versa-Dir-BLR-1% set devices device MAD000560 config orgs org-services IPC04624 sd-wan forwarding-profiles DEFAULT-TRAFFIC-PROFILE circuit-priorities priority 1 circuit-names local [ MPLS-WAN1 MPLS-WAN2 ]
[ok][2018-12-24 06:27:17]

[edit]
Administrator@Versa-Dir-BLR-1% set devices device MAD000560 config orgs org-services IPC04624 sd-wan forwarding-profiles DEFAULT-TRAFFIC-PROFILE circuit-priorities priority 1 circuit-names remote [ MPLS-WAN MPLS-WAN1 MPLS-WAN2 ]
[ok][2018-12-24 06:27:18]

[edit]
Administrator@Versa-Dir-BLR-1% 

[edit]
Administrator@Versa-Dir-BLR-1% 

[edit]
Administrator@Versa-Dir-BLR-1% set devices device MAD000560 config orgs org-services IPC04624 sd-wan forwarding-profiles DEFAULT-TRAFFIC-PROFILE connection-selection-method weighted-round-robin
[ok][2018-12-24 06:27:18]

[edit]
Administrator@Versa-Dir-BLR-1% set devices device MAD000560 config orgs org-services IPC04624 sd-wan forwarding-profiles DEFAULT-TRAFFIC-PROFILE recompute-timer  40
[ok][2018-12-24 06:27:18]

[edit]
Administrator@Versa-Dir-BLR-1% set devices device MAD000560 config orgs org-services IPC04624 sd-wan forwarding-profiles DEFAULT-TRAFFIC-PROFILE encryption optional
[ok][2018-12-24 06:27:19]

[edit]
Administrator@Versa-Dir-BLR-1% set devices device MAD000560 config orgs org-services IPC04624 sd-wan forwarding-profiles DEFAULT-TRAFFIC-PROFILE symmetric-forwarding enable
[ok][2018-12-24 06:27:19]

[edit]
Administrator@Versa-Dir-BLR-1% set devices device MAD000560 config orgs org-services IPC04624 sd-wan policies Default-Policy rules DEFAULT-TRAFFIC-RULE description DEFAULT-TRAFFIC-RULE
[ok][2018-12-24 06:27:19]

[edit]
Administrator@Versa-Dir-BLR-1% set devices device MAD000560 config orgs org-services IPC04624 sd-wan policies Default-Policy rules DEFAULT-TRAFFIC-RULE set action allow
[ok][2018-12-24 06:27:20]

[edit]
Administrator@Versa-Dir-BLR-1% set devices device MAD000560 config orgs org-services IPC04624 sd-wan policies Default-Policy rules DEFAULT-TRAFFIC-RULE set forwarding-profile DEFAULT-TRAFFIC-PROFILE
[ok][2018-12-24 06:27:20]

[edit]
Administrator@Versa-Dir-BLR-1% move devices device MAD000560 config orgs org-services IPC04624 sd-wan policies Default-Policy rules DEFAULT-TRAFFIC-RULE last
[ok][2018-12-24 06:27:21]

[edit]
Administrator@Versa-Dir-BLR-1% 
commit
Aborted: 'devices device MAD000560' : Either address or remote-node must be configured.
[error][2018-12-24 06:27:23]

[edit]
Administrator@Versa-Dir-BLR-1% 
CONFIG_RESULT:
['MAD000560', 'commit failed']
delete devices device MAD000569 config org org-services IPC04624 sd-wan policies Default-Policy rules Default-Rule
set devices device MAD000569 config org org-services IPC04624 sd-wan forwarding-profiles DEFAULT-TRAFFIC-PROFILE circuit-priorities priority 1 circuit-names local [ MPLS-WAN1 MPLS-WAN2 ]
set devices device MAD000569 config org org-services IPC04624 sd-wan forwarding-profiles DEFAULT-TRAFFIC-PROFILE circuit-priorities priority 1 circuit-names remote [ MPLS-WAN MPLS-WAN1 MPLS-WAN2 ]


set devices device MAD000569 config org org-services IPC04624 sd-wan forwarding-profiles DEFAULT-TRAFFIC-PROFILE connection-selection-method weighted-round-robin
set devices device MAD000569 config org org-services IPC04624 sd-wan forwarding-profiles DEFAULT-TRAFFIC-PROFILE recompute-timer 40
set devices device MAD000569 config org org-services IPC04624 sd-wan forwarding-profiles DEFAULT-TRAFFIC-PROFILE encryption optional
set devices device MAD000569 config org org-services IPC04624 sd-wan forwarding-profiles DEFAULT-TRAFFIC-PROFILE symmetric-forwarding enable
set devices device MAD000569 config org org-services IPC04624 sd-wan policies Default-Policy rules DEFAULT-TRAFFIC-RULE description DEFAULT-TRAFFIC-RULE
set devices device MAD000569 config org org-services IPC04624 sd-wan policies Default-Policy rules DEFAULT-TRAFFIC-RULE set action allow
set devices device MAD000569 config org org-services IPC04624 sd-wan policies Default-Policy rules DEFAULT-TRAFFIC-RULE set forwarding-profile DEFAULT-TRAFFIC-PROFILE
move devices device MAD000569 config org org-services IPC04624 sd-wan policies Default-Policy rules DEFAULT-TRAFFIC-RULE last
delete devices device MAD000569 config org org-services IPC04624 sd-wan policies Default-Policy rules Default-Rule
Error: element not found
[error][2018-12-24 06:27:23]

[edit]
Administrator@Versa-Dir-BLR-1% set devices device MAD000569 config orgs org-services IPC04624 sd-wan forwarding-profiles DEFAULT-TRAFFIC-PROFILE circuit-priorities priority 1 circuit-names local [ MPLS-WAN1 MPLS-WAN2 ]
[ok][2018-12-24 06:27:24]

[edit]
Administrator@Versa-Dir-BLR-1% set devices device MAD000569 config orgs org-services IPC04624 sd-wan forwarding-profiles DEFAULT-TRAFFIC-PROFILE circuit-priorities priority 1 circuit-names remote [ MPLS-WAN MPLS-WAN1 MPLS-WAN2 ]
[ok][2018-12-24 06:27:24]

[edit]
Administrator@Versa-Dir-BLR-1% 

[edit]
Administrator@Versa-Dir-BLR-1% 

[edit]
Administrator@Versa-Dir-BLR-1% set devices device MAD000569 config orgs org-services IPC04624 sd-wan forwarding-profiles DEFAULT-TRAFFIC-PROFILE connection-selection-method weighted-round-robin
[ok][2018-12-24 06:27:25]

[edit]
Administrator@Versa-Dir-BLR-1% set devices device MAD000569 config orgs org-services IPC04624 sd-wan forwarding-profiles DEFAULT-TRAFFIC-PROFILE recompute-timer  40
[ok][2018-12-24 06:27:25]

[edit]
Administrator@Versa-Dir-BLR-1% set devices device MAD000569 config orgs org-services IPC04624 sd-wan forwarding-profiles DEFAULT-TRAFFIC-PROFILE encryption optional
[ok][2018-12-24 06:27:25]

[edit]
Administrator@Versa-Dir-BLR-1% set devices device MAD000569 config orgs org-services IPC04624 sd-wan forwarding-profiles DEFAULT-TRAFFIC-PROFILE symmetric-forwarding enable
[ok][2018-12-24 06:27:26]

[edit]
Administrator@Versa-Dir-BLR-1% set devices device MAD000569 config orgs org-services IPC04624 sd-wan policies Default-Policy rules DEFAULT-TRAFFIC-RULE description DEFAULT-TRAFFIC-RULE
[ok][2018-12-24 06:27:26]

[edit]
Administrator@Versa-Dir-BLR-1% set devices device MAD000569 config orgs org-services IPC04624 sd-wan policies Default-Policy rules DEFAULT-TRAFFIC-RULE set action allow
[ok][2018-12-24 06:27:26]

[edit]
Administrator@Versa-Dir-BLR-1% set devices device MAD000569 config orgs org-services IPC04624 sd-wan policies Default-Policy rules DEFAULT-TRAFFIC-RULE set forwarding-profile DEFAULT-TRAFFIC-PROFILE
[ok][2018-12-24 06:27:27]

[edit]
Administrator@Versa-Dir-BLR-1% move devices device MAD000569 config orgs org-services IPC04624 sd-wan policies Default-Policy rules DEFAULT-TRAFFIC-RULE last
[ok][2018-12-24 06:27:28]

[edit]
Administrator@Versa-Dir-BLR-1% 
commit
Aborted: 'devices device MAD000560' : Either address or remote-node must be configured.
[error][2018-12-24 06:27:32]

[edit]
Administrator@Versa-Dir-BLR-1% 
CONFIG_RESULT:
['MAD000560', 'commit failed']
['MAD000569', 'commit failed']
delete devices device AGF000022 config org org-services IPC03024 sd-wan policies Default-Policy rules Default-Rule
set devices device AGF000022 config org org-services IPC03024 sd-wan forwarding-profiles DEFAULT-TRAFFIC-PROFILE circuit-priorities priority 1 circuit-names local [ INT-WAN ]
set devices device AGF000022 config org org-services IPC03024 sd-wan forwarding-profiles DEFAULT-TRAFFIC-PROFILE circuit-priorities priority 1 circuit-names remote [ INT-WAN ]

set devices device AGF000022 config org org-services IPC03024 sd-wan forwarding-profiles DEFAULT-TRAFFIC-PROFILE circuit-priorities priority 2 circuit-names local [ INT-WAN INT-WAN1 INT-WAN2 ]


set devices device AGF000022 config org org-services IPC03024 sd-wan forwarding-profiles DEFAULT-TRAFFIC-PROFILE circuit-priorities priority 2 circuit-names remote [ LTE-WAN ]

set devices device AGF000022 config org org-services IPC03024 sd-wan forwarding-profiles DEFAULT-TRAFFIC-PROFILE connection-selection-method weighted-round-robin
set devices device AGF000022 config org org-services IPC03024 sd-wan forwarding-profiles DEFAULT-TRAFFIC-PROFILE recompute-timer 40
set devices device AGF000022 config org org-services IPC03024 sd-wan forwarding-profiles DEFAULT-TRAFFIC-PROFILE encryption optional
set devices device AGF000022 config org org-services IPC03024 sd-wan forwarding-profiles DEFAULT-TRAFFIC-PROFILE symmetric-forwarding enable
set devices device AGF000022 config org org-services IPC03024 sd-wan policies Default-Policy rules DEFAULT-TRAFFIC-RULE description DEFAULT-TRAFFIC-RULE
set devices device AGF000022 config org org-services IPC03024 sd-wan policies Default-Policy rules DEFAULT-TRAFFIC-RULE set action allow
set devices device AGF000022 config org org-services IPC03024 sd-wan policies Default-Policy rules DEFAULT-TRAFFIC-RULE set forwarding-profile DEFAULT-TRAFFIC-PROFILE
move devices device AGF000022 config org org-services IPC03024 sd-wan policies Default-Policy rules DEFAULT-TRAFFIC-RULE last
delete devices device AGF000022 config org org-services IPC03024 sd-wan policies Default-Policy rules Default-Rule
Error: element not found
[error][2018-12-24 06:27:32]

[edit]
Administrator@Versa-Dir-BLR-1% set devices device AGF000022 config orgs org-services IPC03024 sd-wan forwarding-profiles DEFAULT-TRAFFIC-PROFILE circuit-priorities priority 1 circuit-names local [ INT-WAN ]
[ok][2018-12-24 06:27:33]

[edit]
Administrator@Versa-Dir-BLR-1% set devices device AGF000022 config orgs org-services IPC03024 sd-wan forwarding-profiles DEFAULT-TRAFFIC-PROFILE circuit-priorities priority 1 circuit-names remote [ INT-WAN ]
[ok][2018-12-24 06:27:33]

[edit]
Administrator@Versa-Dir-BLR-1% 

[edit]
Administrator@Versa-Dir-BLR-1% set devices device AGF000022 config orgs org-services IPC03024 sd-wan forwarding-profiles DEFAULT-TRAFFIC-PROFILE circuit-priorities priority 2 circuit-names local [ INT-WAN INT-WAN1 INT-WAN2 ]
[ok][2018-12-24 06:27:34]

[edit]
Administrator@Versa-Dir-BLR-1% 

[edit]
Administrator@Versa-Dir-BLR-1% 

[edit]
Administrator@Versa-Dir-BLR-1% set devices device AGF000022 config orgs org-services IPC03024 sd-wan forwarding-profiles DEFAULT-TRAFFIC-PROFILE circuit-priorities priority 2 circuit-names remote [ LTE-WAN ]
[ok][2018-12-24 06:27:34]

[edit]
Administrator@Versa-Dir-BLR-1% 

[edit]
Administrator@Versa-Dir-BLR-1% set devices device AGF000022 config orgs org-services IPC03024 sd-wan forwarding-profiles DEFAULT-TRAFFIC-PROFILE connection-selection-method weighted-round-robin
[ok][2018-12-24 06:27:35]

[edit]
Administrator@Versa-Dir-BLR-1% set devices device AGF000022 config orgs org-services IPC03024 sd-wan forwarding-profiles DEFAULT-TRAFFIC-PROFILE recompute-timer  40
[ok][2018-12-24 06:27:35]

[edit]
Administrator@Versa-Dir-BLR-1% set devices device AGF000022 config orgs org-services IPC03024 sd-wan forwarding-profiles DEFAULT-TRAFFIC-PROFILE encryption optional
[ok][2018-12-24 06:27:35]

[edit]
Administrator@Versa-Dir-BLR-1% set devices device AGF000022 config orgs org-services IPC03024 sd-wan forwarding-profiles DEFAULT-TRAFFIC-PROFILE symmetric-forwarding enable
[ok][2018-12-24 06:27:35]

[edit]
Administrator@Versa-Dir-BLR-1% set devices device AGF000022 config orgs org-services IPC03024 sd-wan policies Default-Policy rules DEFAULT-TRAFFIC-RULE description DEFAULT-TRAFFIC-RULE
[ok][2018-12-24 06:27:36]

[edit]
Administrator@Versa-Dir-BLR-1% set devices device AGF000022 config orgs org-services IPC03024 sd-wan policies Default-Policy rules DEFAULT-TRAFFIC-RULE set action allow
[ok][2018-12-24 06:27:36]

[edit]
Administrator@Versa-Dir-BLR-1% set devices device AGF000022 config orgs org-services IPC03024 sd-wan policies Default-Policy rules DEFAULT-TRAFFIC-RULE set forwarding-profile DEFAULT-TRAFFIC-PROFILE
[ok][2018-12-24 06:27:36]

[edit]
Administrator@Versa-Dir-BLR-1% move devices device AGF000022 config orgs org-services IPC03024 sd-wan policies Default-Policy rules DEFAULT-TRAFFIC-RULE last
[ok][2018-12-24 06:27:37]

[edit]
Administrator@Versa-Dir-BLR-1% 
commit
Aborted: 'devices device AGF000022' : Either address or remote-node must be configured.
[error][2018-12-24 06:27:39]

[edit]
Administrator@Versa-Dir-BLR-1% 
CONFIG_RESULT:
['MAD000560', 'commit failed']
['MAD000569', 'commit failed']
['AGF000022', 'commit failed']
